<?xml version="1.0" encoding="UTF-8"?>
<checkstyle version="8.35">
<file name="/home/viewadmin/hello-selenium-junit/src/test/java/com/example/hello_selenium_junit/RobobarRPTest.java">
<error line="1" severity="error" message="Missing package-info.java file." source="com.puppycrawl.tools.checkstyle.checks.javadoc.JavadocPackageCheck"/>
<error line="6" column="23" severity="error" message="Unused import - org.hamcrest.CoreMatchers.is." source="com.puppycrawl.tools.checkstyle.checks.imports.UnusedImportsCheck"/>
<error line="7" column="23" severity="error" message="Unused import - org.hamcrest.core.IsNot.not." source="com.puppycrawl.tools.checkstyle.checks.imports.UnusedImportsCheck"/>
<error line="10" column="16" severity="error" message="Unused import - io.qameta.allure.model.TestResultContainer." source="com.puppycrawl.tools.checkstyle.checks.imports.UnusedImportsCheck"/>
<error line="14" column="35" severity="error" message="Using the &apos;.*&apos; form of import should be avoided - org.openqa.selenium.*." source="com.puppycrawl.tools.checkstyle.checks.imports.AvoidStarImportCheck"/>
<error line="15" column="16" severity="error" message="Unused import - org.openqa.selenium.chrome.ChromeOptions." source="com.puppycrawl.tools.checkstyle.checks.imports.UnusedImportsCheck"/>
<error line="16" column="16" severity="error" message="Unused import - org.openqa.selenium.firefox.FirefoxDriver." source="com.puppycrawl.tools.checkstyle.checks.imports.UnusedImportsCheck"/>
<error line="17" column="16" severity="error" message="Unused import - org.openqa.selenium.chrome.ChromeDriver." source="com.puppycrawl.tools.checkstyle.checks.imports.UnusedImportsCheck"/>
<error line="18" column="16" severity="error" message="Unused import - org.openqa.selenium.firefox.FirefoxOptions." source="com.puppycrawl.tools.checkstyle.checks.imports.UnusedImportsCheck"/>
<error line="19" column="16" severity="error" message="Unused import - org.openqa.selenium.remote.RemoteWebDriver." source="com.puppycrawl.tools.checkstyle.checks.imports.UnusedImportsCheck"/>
<error line="20" column="16" severity="error" message="Unused import - org.openqa.selenium.remote.DesiredCapabilities." source="com.puppycrawl.tools.checkstyle.checks.imports.UnusedImportsCheck"/>
<error line="21" column="16" severity="error" message="Unused import - org.openqa.selenium.interactions.Actions." source="com.puppycrawl.tools.checkstyle.checks.imports.UnusedImportsCheck"/>
<error line="22" column="16" severity="error" message="Unused import - org.openqa.selenium.support.ui.ExpectedConditions." source="com.puppycrawl.tools.checkstyle.checks.imports.UnusedImportsCheck"/>
<error line="25" column="25" severity="error" message="Using the &apos;.*&apos; form of import should be avoided - java.util.*." source="com.puppycrawl.tools.checkstyle.checks.imports.AvoidStarImportCheck"/>
<error line="27" column="16" severity="error" message="Unused import - java.net.URL." source="com.puppycrawl.tools.checkstyle.checks.imports.UnusedImportsCheck"/>
<error line="29" column="27" severity="error" message="&apos;{&apos; is not preceded with whitespace." source="com.puppycrawl.tools.checkstyle.checks.whitespace.WhitespaceAroundCheck"/>
<error line="31" column="5" severity="error" message="Missing a Javadoc comment." source="com.puppycrawl.tools.checkstyle.checks.javadoc.JavadocVariableCheck"/>
<error line="32" column="5" severity="error" message="Missing a Javadoc comment." source="com.puppycrawl.tools.checkstyle.checks.javadoc.JavadocVariableCheck"/>
<error line="34" column="5" severity="error" message="Missing a Javadoc comment." source="com.puppycrawl.tools.checkstyle.checks.javadoc.JavadocVariableCheck"/>
<error line="36" column="5" severity="error" message="Class &apos;RobobarRPTest&apos; looks like designed for extension (can be subclassed), but the method &apos;setUp&apos; does not have javadoc that explains how to do that safely. If class is not designed for extension consider making the class &apos;RobobarRPTest&apos; final or making the method &apos;setUp&apos; static/final/abstract/empty, or adding allowed annotation for the method." source="com.puppycrawl.tools.checkstyle.checks.design.DesignForExtensionCheck"/>
<error line="36" column="5" severity="error" message="Missing a Javadoc comment." source="com.puppycrawl.tools.checkstyle.checks.javadoc.MissingJavadocMethodCheck"/>
<error line="37" column="41" severity="error" message="&apos;{&apos; is not preceded with whitespace." source="com.puppycrawl.tools.checkstyle.checks.whitespace.WhitespaceAroundCheck"/>
<error line="42" column="5" severity="error" message="Class &apos;RobobarRPTest&apos; looks like designed for extension (can be subclassed), but the method &apos;tearDown&apos; does not have javadoc that explains how to do that safely. If class is not designed for extension consider making the class &apos;RobobarRPTest&apos; final or making the method &apos;tearDown&apos; static/final/abstract/empty, or adding allowed annotation for the method." source="com.puppycrawl.tools.checkstyle.checks.design.DesignForExtensionCheck"/>
<error line="42" column="5" severity="error" message="Missing a Javadoc comment." source="com.puppycrawl.tools.checkstyle.checks.javadoc.MissingJavadocMethodCheck"/>
<error line="46" column="5" severity="error" message="Missing a Javadoc comment." source="com.puppycrawl.tools.checkstyle.checks.javadoc.MissingJavadocMethodCheck"/>
<error line="49" column="57" severity="error" message="&apos;,&apos; is not followed by whitespace." source="com.puppycrawl.tools.checkstyle.checks.whitespace.WhitespaceAfterCheck"/>
<error line="49" column="58" severity="error" message="&apos;7&apos; is a magic number." source="com.puppycrawl.tools.checkstyle.checks.coding.MagicNumberCheck"/>
<error line="50" severity="error" message="Line is longer than 80 characters (found 102)." source="com.puppycrawl.tools.checkstyle.checks.sizes.LineLengthCheck"/>
<error line="50" column="24" severity="error" message="&apos;driver&apos; hides a field." source="com.puppycrawl.tools.checkstyle.checks.coding.HiddenFieldCheck"/>
<error line="51" severity="error" message="Line is longer than 80 characters (found 105)." source="com.puppycrawl.tools.checkstyle.checks.sizes.LineLengthCheck"/>
<error line="53" severity="error" message="Line is longer than 80 characters (found 109)." source="com.puppycrawl.tools.checkstyle.checks.sizes.LineLengthCheck"/>
<error line="54" severity="error" message="Line is longer than 80 characters (found 105)." source="com.puppycrawl.tools.checkstyle.checks.sizes.LineLengthCheck"/>
<error line="56" severity="error" message="Line is longer than 80 characters (found 109)." source="com.puppycrawl.tools.checkstyle.checks.sizes.LineLengthCheck"/>
<error line="57" severity="error" message="Line is longer than 80 characters (found 105)." source="com.puppycrawl.tools.checkstyle.checks.sizes.LineLengthCheck"/>
<error line="59" severity="error" message="Line is longer than 80 characters (found 104)." source="com.puppycrawl.tools.checkstyle.checks.sizes.LineLengthCheck"/>
<error line="60" severity="error" message="Line is longer than 80 characters (found 105)." source="com.puppycrawl.tools.checkstyle.checks.sizes.LineLengthCheck"/>
<error line="63" column="56" severity="error" message="&apos;,&apos; is not followed by whitespace." source="com.puppycrawl.tools.checkstyle.checks.whitespace.WhitespaceAfterCheck"/>
<error line="63" column="57" severity="error" message="&apos;7&apos; is a magic number." source="com.puppycrawl.tools.checkstyle.checks.coding.MagicNumberCheck"/>
<error line="64" severity="error" message="Line is longer than 80 characters (found 122)." source="com.puppycrawl.tools.checkstyle.checks.sizes.LineLengthCheck"/>
<error line="64" column="24" severity="error" message="&apos;driver&apos; hides a field." source="com.puppycrawl.tools.checkstyle.checks.coding.HiddenFieldCheck"/>
<error line="65" severity="error" message="Line is longer than 80 characters (found 126)." source="com.puppycrawl.tools.checkstyle.checks.sizes.LineLengthCheck"/>
<error line="67" severity="error" message="Line is longer than 80 characters (found 129)." source="com.puppycrawl.tools.checkstyle.checks.sizes.LineLengthCheck"/>
<error line="69" severity="error" message="Line is longer than 80 characters (found 130)." source="com.puppycrawl.tools.checkstyle.checks.sizes.LineLengthCheck"/>
<error line="74" column="55" severity="error" message="&apos;,&apos; is not followed by whitespace." source="com.puppycrawl.tools.checkstyle.checks.whitespace.WhitespaceAfterCheck"/>
<error line="74" column="56" severity="error" message="&apos;7&apos; is a magic number." source="com.puppycrawl.tools.checkstyle.checks.coding.MagicNumberCheck"/>
<error line="75" severity="error" message="Line is longer than 80 characters (found 124)." source="com.puppycrawl.tools.checkstyle.checks.sizes.LineLengthCheck"/>
<error line="75" column="24" severity="error" message="&apos;driver&apos; hides a field." source="com.puppycrawl.tools.checkstyle.checks.coding.HiddenFieldCheck"/>
<error line="76" severity="error" message="Line is longer than 80 characters (found 135)." source="com.puppycrawl.tools.checkstyle.checks.sizes.LineLengthCheck"/>
</file>
<file name="/home/viewadmin/hello-selenium-junit/src/test/java/com/example/hello_selenium_junit/RobobarRemoteTest.java">
<error line="4" column="23" severity="error" message="Unused import - org.hamcrest.CoreMatchers.is." source="com.puppycrawl.tools.checkstyle.checks.imports.UnusedImportsCheck"/>
<error line="5" column="23" severity="error" message="Unused import - org.hamcrest.core.IsNot.not." source="com.puppycrawl.tools.checkstyle.checks.imports.UnusedImportsCheck"/>
<error line="13" column="16" severity="error" message="Unused import - org.openqa.selenium.firefox.FirefoxDriver." source="com.puppycrawl.tools.checkstyle.checks.imports.UnusedImportsCheck"/>
<error line="14" column="16" severity="error" message="Unused import - org.openqa.selenium.chrome.ChromeDriver." source="com.puppycrawl.tools.checkstyle.checks.imports.UnusedImportsCheck"/>
<error line="15" column="16" severity="error" message="Unused import - org.openqa.selenium.firefox.FirefoxOptions." source="com.puppycrawl.tools.checkstyle.checks.imports.UnusedImportsCheck"/>
<error line="17" column="16" severity="error" message="Unused import - org.openqa.selenium.remote.DesiredCapabilities." source="com.puppycrawl.tools.checkstyle.checks.imports.UnusedImportsCheck"/>
<error line="18" column="16" severity="error" message="Unused import - org.openqa.selenium.Dimension." source="com.puppycrawl.tools.checkstyle.checks.imports.UnusedImportsCheck"/>
<error line="20" column="16" severity="error" message="Unused import - org.openqa.selenium.interactions.Actions." source="com.puppycrawl.tools.checkstyle.checks.imports.UnusedImportsCheck"/>
<error line="21" column="16" severity="error" message="Unused import - org.openqa.selenium.support.ui.ExpectedConditions." source="com.puppycrawl.tools.checkstyle.checks.imports.UnusedImportsCheck"/>
<error line="24" column="16" severity="error" message="Unused import - org.openqa.selenium.Alert." source="com.puppycrawl.tools.checkstyle.checks.imports.UnusedImportsCheck"/>
<error line="25" column="16" severity="error" message="Unused import - org.openqa.selenium.Keys." source="com.puppycrawl.tools.checkstyle.checks.imports.UnusedImportsCheck"/>
<error line="26" column="25" severity="error" message="Using the &apos;.*&apos; form of import should be avoided - java.util.*." source="com.puppycrawl.tools.checkstyle.checks.imports.AvoidStarImportCheck"/>
<error line="30" column="31" severity="error" message="&apos;{&apos; is not preceded with whitespace." source="com.puppycrawl.tools.checkstyle.checks.whitespace.WhitespaceAroundCheck"/>
<error line="31" column="5" severity="error" message="Missing a Javadoc comment." source="com.puppycrawl.tools.checkstyle.checks.javadoc.JavadocVariableCheck"/>
<error line="32" column="5" severity="error" message="Missing a Javadoc comment." source="com.puppycrawl.tools.checkstyle.checks.javadoc.JavadocVariableCheck"/>
<error line="33" column="5" severity="error" message="Missing a Javadoc comment." source="com.puppycrawl.tools.checkstyle.checks.javadoc.JavadocVariableCheck"/>
<error line="33" column="24" severity="error" message="Variable &apos;js&apos; must be private and have accessor methods." source="com.puppycrawl.tools.checkstyle.checks.design.VisibilityModifierCheck"/>
<error line="35" column="5" severity="error" message="Class &apos;RobobarRemoteTest&apos; looks like designed for extension (can be subclassed), but the method &apos;setUp&apos; does not have javadoc that explains how to do that safely. If class is not designed for extension consider making the class &apos;RobobarRemoteTest&apos; final or making the method &apos;setUp&apos; static/final/abstract/empty, or adding allowed annotation for the method." source="com.puppycrawl.tools.checkstyle.checks.design.DesignForExtensionCheck"/>
<error line="35" column="5" severity="error" message="Missing a Javadoc comment." source="com.puppycrawl.tools.checkstyle.checks.javadoc.MissingJavadocMethodCheck"/>
<error line="36" column="53" severity="error" message="&apos;{&apos; is not preceded with whitespace." source="com.puppycrawl.tools.checkstyle.checks.whitespace.WhitespaceAroundCheck"/>
<error line="38" severity="error" message="Line is longer than 80 characters (found 86)." source="com.puppycrawl.tools.checkstyle.checks.sizes.LineLengthCheck"/>
<error line="43" column="5" severity="error" message="Class &apos;RobobarRemoteTest&apos; looks like designed for extension (can be subclassed), but the method &apos;tearDown&apos; does not have javadoc that explains how to do that safely. If class is not designed for extension consider making the class &apos;RobobarRemoteTest&apos; final or making the method &apos;tearDown&apos; static/final/abstract/empty, or adding allowed annotation for the method." source="com.puppycrawl.tools.checkstyle.checks.design.DesignForExtensionCheck"/>
<error line="43" column="5" severity="error" message="Missing a Javadoc comment." source="com.puppycrawl.tools.checkstyle.checks.javadoc.MissingJavadocMethodCheck"/>
<error line="47" column="5" severity="error" message="Missing a Javadoc comment." source="com.puppycrawl.tools.checkstyle.checks.javadoc.MissingJavadocMethodCheck"/>
<error line="51" column="57" severity="error" message="&apos;,&apos; is not followed by whitespace." source="com.puppycrawl.tools.checkstyle.checks.whitespace.WhitespaceAfterCheck"/>
<error line="51" column="58" severity="error" message="&apos;7&apos; is a magic number." source="com.puppycrawl.tools.checkstyle.checks.coding.MagicNumberCheck"/>
<error line="52" severity="error" message="Line is longer than 80 characters (found 102)." source="com.puppycrawl.tools.checkstyle.checks.sizes.LineLengthCheck"/>
<error line="52" column="24" severity="error" message="&apos;driver&apos; hides a field." source="com.puppycrawl.tools.checkstyle.checks.coding.HiddenFieldCheck"/>
<error line="53" severity="error" message="Line is longer than 80 characters (found 105)." source="com.puppycrawl.tools.checkstyle.checks.sizes.LineLengthCheck"/>
<error line="55" severity="error" message="Line is longer than 80 characters (found 109)." source="com.puppycrawl.tools.checkstyle.checks.sizes.LineLengthCheck"/>
<error line="56" severity="error" message="Line is longer than 80 characters (found 105)." source="com.puppycrawl.tools.checkstyle.checks.sizes.LineLengthCheck"/>
<error line="58" severity="error" message="Line is longer than 80 characters (found 109)." source="com.puppycrawl.tools.checkstyle.checks.sizes.LineLengthCheck"/>
<error line="59" severity="error" message="Line is longer than 80 characters (found 105)." source="com.puppycrawl.tools.checkstyle.checks.sizes.LineLengthCheck"/>
<error line="61" severity="error" message="Line is longer than 80 characters (found 104)." source="com.puppycrawl.tools.checkstyle.checks.sizes.LineLengthCheck"/>
<error line="62" severity="error" message="Line is longer than 80 characters (found 105)." source="com.puppycrawl.tools.checkstyle.checks.sizes.LineLengthCheck"/>
<error line="65" column="56" severity="error" message="&apos;,&apos; is not followed by whitespace." source="com.puppycrawl.tools.checkstyle.checks.whitespace.WhitespaceAfterCheck"/>
<error line="65" column="57" severity="error" message="&apos;7&apos; is a magic number." source="com.puppycrawl.tools.checkstyle.checks.coding.MagicNumberCheck"/>
<error line="66" severity="error" message="Line is longer than 80 characters (found 122)." source="com.puppycrawl.tools.checkstyle.checks.sizes.LineLengthCheck"/>
<error line="66" column="24" severity="error" message="&apos;driver&apos; hides a field." source="com.puppycrawl.tools.checkstyle.checks.coding.HiddenFieldCheck"/>
<error line="67" severity="error" message="Line is longer than 80 characters (found 126)." source="com.puppycrawl.tools.checkstyle.checks.sizes.LineLengthCheck"/>
<error line="69" severity="error" message="Line is longer than 80 characters (found 129)." source="com.puppycrawl.tools.checkstyle.checks.sizes.LineLengthCheck"/>
<error line="71" severity="error" message="Line is longer than 80 characters (found 130)." source="com.puppycrawl.tools.checkstyle.checks.sizes.LineLengthCheck"/>
<error line="76" column="55" severity="error" message="&apos;,&apos; is not followed by whitespace." source="com.puppycrawl.tools.checkstyle.checks.whitespace.WhitespaceAfterCheck"/>
<error line="76" column="56" severity="error" message="&apos;7&apos; is a magic number." source="com.puppycrawl.tools.checkstyle.checks.coding.MagicNumberCheck"/>
<error line="77" severity="error" message="Line is longer than 80 characters (found 124)." source="com.puppycrawl.tools.checkstyle.checks.sizes.LineLengthCheck"/>
<error line="77" column="24" severity="error" message="&apos;driver&apos; hides a field." source="com.puppycrawl.tools.checkstyle.checks.coding.HiddenFieldCheck"/>
<error line="78" severity="error" message="Line is longer than 80 characters (found 135)." source="com.puppycrawl.tools.checkstyle.checks.sizes.LineLengthCheck"/>
</file>
<file name="/home/viewadmin/hello-selenium-junit/src/test/java/com/example/hello_selenium_junit/SearchRChromeTest.java">
<error line="3" column="23" severity="error" message="Unused import - org.hamcrest.CoreMatchers.is." source="com.puppycrawl.tools.checkstyle.checks.imports.UnusedImportsCheck"/>
<error line="4" column="23" severity="error" message="Unused import - org.hamcrest.core.IsNot.not." source="com.puppycrawl.tools.checkstyle.checks.imports.UnusedImportsCheck"/>
<error line="12" column="16" severity="error" message="Unused import - org.openqa.selenium.firefox.FirefoxDriver." source="com.puppycrawl.tools.checkstyle.checks.imports.UnusedImportsCheck"/>
<error line="13" column="16" severity="error" message="Unused import - org.openqa.selenium.chrome.ChromeDriver." source="com.puppycrawl.tools.checkstyle.checks.imports.UnusedImportsCheck"/>
<error line="14" column="16" severity="error" message="Unused import - org.openqa.selenium.firefox.FirefoxOptions." source="com.puppycrawl.tools.checkstyle.checks.imports.UnusedImportsCheck"/>
<error line="16" column="16" severity="error" message="Unused import - org.openqa.selenium.remote.DesiredCapabilities." source="com.puppycrawl.tools.checkstyle.checks.imports.UnusedImportsCheck"/>
<error line="17" column="16" severity="error" message="Unused import - org.openqa.selenium.Dimension." source="com.puppycrawl.tools.checkstyle.checks.imports.UnusedImportsCheck"/>
<error line="19" column="16" severity="error" message="Unused import - org.openqa.selenium.interactions.Actions." source="com.puppycrawl.tools.checkstyle.checks.imports.UnusedImportsCheck"/>
<error line="20" column="16" severity="error" message="Unused import - org.openqa.selenium.support.ui.ExpectedConditions." source="com.puppycrawl.tools.checkstyle.checks.imports.UnusedImportsCheck"/>
<error line="23" column="16" severity="error" message="Unused import - org.openqa.selenium.Alert." source="com.puppycrawl.tools.checkstyle.checks.imports.UnusedImportsCheck"/>
<error line="26" column="16" severity="error" message="Unused import - javax.security.auth.login.Configuration." source="com.puppycrawl.tools.checkstyle.checks.imports.UnusedImportsCheck"/>
<error line="27" column="16" severity="error" message="Unused import - java.time.Duration." source="com.puppycrawl.tools.checkstyle.checks.imports.UnusedImportsCheck"/>
<error line="28" column="25" severity="error" message="Using the &apos;.*&apos; form of import should be avoided - java.util.*." source="com.puppycrawl.tools.checkstyle.checks.imports.AvoidStarImportCheck"/>
<error line="33" column="5" severity="error" message="Missing a Javadoc comment." source="com.puppycrawl.tools.checkstyle.checks.javadoc.JavadocVariableCheck"/>
<error line="34" column="5" severity="error" message="Missing a Javadoc comment." source="com.puppycrawl.tools.checkstyle.checks.javadoc.JavadocVariableCheck"/>
<error line="35" column="5" severity="error" message="Missing a Javadoc comment." source="com.puppycrawl.tools.checkstyle.checks.javadoc.JavadocVariableCheck"/>
<error line="35" column="24" severity="error" message="Variable &apos;js&apos; must be private and have accessor methods." source="com.puppycrawl.tools.checkstyle.checks.design.VisibilityModifierCheck"/>
<error line="36" column="5" severity="error" message="Class &apos;SearchRChromeTest&apos; looks like designed for extension (can be subclassed), but the method &apos;setUp&apos; does not have javadoc that explains how to do that safely. If class is not designed for extension consider making the class &apos;SearchRChromeTest&apos; final or making the method &apos;setUp&apos; static/final/abstract/empty, or adding allowed annotation for the method." source="com.puppycrawl.tools.checkstyle.checks.design.DesignForExtensionCheck"/>
<error line="36" column="5" severity="error" message="Missing a Javadoc comment." source="com.puppycrawl.tools.checkstyle.checks.javadoc.MissingJavadocMethodCheck"/>
<error line="39" severity="error" message="Line is longer than 80 characters (found 86)." source="com.puppycrawl.tools.checkstyle.checks.sizes.LineLengthCheck"/>
<error line="43" column="5" severity="error" message="Class &apos;SearchRChromeTest&apos; looks like designed for extension (can be subclassed), but the method &apos;tearDown&apos; does not have javadoc that explains how to do that safely. If class is not designed for extension consider making the class &apos;SearchRChromeTest&apos; final or making the method &apos;tearDown&apos; static/final/abstract/empty, or adding allowed annotation for the method." source="com.puppycrawl.tools.checkstyle.checks.design.DesignForExtensionCheck"/>
<error line="43" column="5" severity="error" message="Missing a Javadoc comment." source="com.puppycrawl.tools.checkstyle.checks.javadoc.MissingJavadocMethodCheck"/>
<error line="47" column="5" severity="error" message="Missing a Javadoc comment." source="com.puppycrawl.tools.checkstyle.checks.javadoc.MissingJavadocMethodCheck"/>
<error line="48" column="59" severity="error" message="&apos;{&apos; is not preceded with whitespace." source="com.puppycrawl.tools.checkstyle.checks.whitespace.WhitespaceAroundCheck"/>
<error line="67" severity="error" message="Line is longer than 80 characters (found 94)." source="com.puppycrawl.tools.checkstyle.checks.sizes.LineLengthCheck"/>
<error line="68" column="59" severity="error" message="&apos;,&apos; is not followed by whitespace." source="com.puppycrawl.tools.checkstyle.checks.whitespace.WhitespaceAfterCheck"/>
<error line="68" column="60" severity="error" message="&apos;30&apos; is a magic number." source="com.puppycrawl.tools.checkstyle.checks.coding.MagicNumberCheck"/>
<error line="69" severity="error" message="Line is longer than 80 characters (found 110)." source="com.puppycrawl.tools.checkstyle.checks.sizes.LineLengthCheck"/>
<error line="69" column="24" severity="error" message="&apos;driver&apos; hides a field." source="com.puppycrawl.tools.checkstyle.checks.coding.HiddenFieldCheck"/>
<error line="70" severity="error" message="Line is longer than 80 characters (found 92)." source="com.puppycrawl.tools.checkstyle.checks.sizes.LineLengthCheck"/>
</file>
<file name="/home/viewadmin/hello-selenium-junit/src/test/java/com/example/hello_selenium_junit/SearchROperaTest.java">
<error line="3" column="23" severity="error" message="Unused import - org.hamcrest.CoreMatchers.is." source="com.puppycrawl.tools.checkstyle.checks.imports.UnusedImportsCheck"/>
<error line="4" column="23" severity="error" message="Unused import - org.hamcrest.core.IsNot.not." source="com.puppycrawl.tools.checkstyle.checks.imports.UnusedImportsCheck"/>
<error line="11" column="16" severity="error" message="Unused import - org.openqa.selenium.chrome.ChromeOptions." source="com.puppycrawl.tools.checkstyle.checks.imports.UnusedImportsCheck"/>
<error line="12" column="16" severity="error" message="Unused import - org.openqa.selenium.firefox.FirefoxDriver." source="com.puppycrawl.tools.checkstyle.checks.imports.UnusedImportsCheck"/>
<error line="13" column="16" severity="error" message="Unused import - org.openqa.selenium.chrome.ChromeDriver." source="com.puppycrawl.tools.checkstyle.checks.imports.UnusedImportsCheck"/>
<error line="14" column="16" severity="error" message="Unused import - org.openqa.selenium.firefox.FirefoxOptions." source="com.puppycrawl.tools.checkstyle.checks.imports.UnusedImportsCheck"/>
<error line="17" column="16" severity="error" message="Unused import - org.openqa.selenium.remote.DesiredCapabilities." source="com.puppycrawl.tools.checkstyle.checks.imports.UnusedImportsCheck"/>
<error line="18" column="16" severity="error" message="Unused import - org.openqa.selenium.Dimension." source="com.puppycrawl.tools.checkstyle.checks.imports.UnusedImportsCheck"/>
<error line="20" column="16" severity="error" message="Unused import - org.openqa.selenium.interactions.Actions." source="com.puppycrawl.tools.checkstyle.checks.imports.UnusedImportsCheck"/>
<error line="21" column="16" severity="error" message="Unused import - org.openqa.selenium.support.ui.ExpectedConditions." source="com.puppycrawl.tools.checkstyle.checks.imports.UnusedImportsCheck"/>
<error line="24" column="16" severity="error" message="Unused import - org.openqa.selenium.Alert." source="com.puppycrawl.tools.checkstyle.checks.imports.UnusedImportsCheck"/>
<error line="27" column="16" severity="error" message="Unused import - javax.security.auth.login.Configuration." source="com.puppycrawl.tools.checkstyle.checks.imports.UnusedImportsCheck"/>
<error line="28" column="16" severity="error" message="Unused import - java.time.Duration." source="com.puppycrawl.tools.checkstyle.checks.imports.UnusedImportsCheck"/>
<error line="29" column="25" severity="error" message="Using the &apos;.*&apos; form of import should be avoided - java.util.*." source="com.puppycrawl.tools.checkstyle.checks.imports.AvoidStarImportCheck"/>
<error line="34" column="5" severity="error" message="Missing a Javadoc comment." source="com.puppycrawl.tools.checkstyle.checks.javadoc.JavadocVariableCheck"/>
<error line="35" column="5" severity="error" message="Missing a Javadoc comment." source="com.puppycrawl.tools.checkstyle.checks.javadoc.JavadocVariableCheck"/>
<error line="36" column="5" severity="error" message="Missing a Javadoc comment." source="com.puppycrawl.tools.checkstyle.checks.javadoc.JavadocVariableCheck"/>
<error line="36" column="24" severity="error" message="Variable &apos;js&apos; must be private and have accessor methods." source="com.puppycrawl.tools.checkstyle.checks.design.VisibilityModifierCheck"/>
<error line="37" column="5" severity="error" message="Class &apos;SearchROperaTest&apos; looks like designed for extension (can be subclassed), but the method &apos;setUp&apos; does not have javadoc that explains how to do that safely. If class is not designed for extension consider making the class &apos;SearchROperaTest&apos; final or making the method &apos;setUp&apos; static/final/abstract/empty, or adding allowed annotation for the method." source="com.puppycrawl.tools.checkstyle.checks.design.DesignForExtensionCheck"/>
<error line="37" column="5" severity="error" message="Missing a Javadoc comment." source="com.puppycrawl.tools.checkstyle.checks.javadoc.MissingJavadocMethodCheck"/>
<error line="38" column="53" severity="error" message="&apos;{&apos; is not preceded with whitespace." source="com.puppycrawl.tools.checkstyle.checks.whitespace.WhitespaceAroundCheck"/>
<error line="40" severity="error" message="Line is longer than 80 characters (found 85)." source="com.puppycrawl.tools.checkstyle.checks.sizes.LineLengthCheck"/>
<error line="45" column="5" severity="error" message="Class &apos;SearchROperaTest&apos; looks like designed for extension (can be subclassed), but the method &apos;tearDown&apos; does not have javadoc that explains how to do that safely. If class is not designed for extension consider making the class &apos;SearchROperaTest&apos; final or making the method &apos;tearDown&apos; static/final/abstract/empty, or adding allowed annotation for the method." source="com.puppycrawl.tools.checkstyle.checks.design.DesignForExtensionCheck"/>
<error line="45" column="5" severity="error" message="Missing a Javadoc comment." source="com.puppycrawl.tools.checkstyle.checks.javadoc.MissingJavadocMethodCheck"/>
<error line="49" column="5" severity="error" message="Missing a Javadoc comment." source="com.puppycrawl.tools.checkstyle.checks.javadoc.MissingJavadocMethodCheck"/>
<error line="50" column="59" severity="error" message="&apos;{&apos; is not preceded with whitespace." source="com.puppycrawl.tools.checkstyle.checks.whitespace.WhitespaceAroundCheck"/>
<error line="69" column="59" severity="error" message="&apos;,&apos; is not followed by whitespace." source="com.puppycrawl.tools.checkstyle.checks.whitespace.WhitespaceAfterCheck"/>
<error line="69" column="60" severity="error" message="&apos;30&apos; is a magic number." source="com.puppycrawl.tools.checkstyle.checks.coding.MagicNumberCheck"/>
<error line="70" severity="error" message="Line is longer than 80 characters (found 110)." source="com.puppycrawl.tools.checkstyle.checks.sizes.LineLengthCheck"/>
<error line="70" column="24" severity="error" message="&apos;driver&apos; hides a field." source="com.puppycrawl.tools.checkstyle.checks.coding.HiddenFieldCheck"/>
<error line="71" severity="error" message="Line is longer than 80 characters (found 92)." source="com.puppycrawl.tools.checkstyle.checks.sizes.LineLengthCheck"/>
</file>
<file name="/home/viewadmin/hello-selenium-junit/src/test/java/com/example/hello_selenium_junit/SearchRemoteTest.java">
<error line="3" column="23" severity="error" message="Unused import - org.hamcrest.CoreMatchers.is." source="com.puppycrawl.tools.checkstyle.checks.imports.UnusedImportsCheck"/>
<error line="4" column="23" severity="error" message="Unused import - org.hamcrest.core.IsNot.not." source="com.puppycrawl.tools.checkstyle.checks.imports.UnusedImportsCheck"/>
<error line="11" column="16" severity="error" message="Unused import - org.openqa.selenium.firefox.FirefoxDriver." source="com.puppycrawl.tools.checkstyle.checks.imports.UnusedImportsCheck"/>
<error line="12" column="16" severity="error" message="Unused import - org.openqa.selenium.chrome.ChromeDriver." source="com.puppycrawl.tools.checkstyle.checks.imports.UnusedImportsCheck"/>
<error line="15" column="16" severity="error" message="Unused import - org.openqa.selenium.remote.DesiredCapabilities." source="com.puppycrawl.tools.checkstyle.checks.imports.UnusedImportsCheck"/>
<error line="16" column="16" severity="error" message="Unused import - org.openqa.selenium.Dimension." source="com.puppycrawl.tools.checkstyle.checks.imports.UnusedImportsCheck"/>
<error line="18" column="16" severity="error" message="Unused import - org.openqa.selenium.interactions.Actions." source="com.puppycrawl.tools.checkstyle.checks.imports.UnusedImportsCheck"/>
<error line="19" column="16" severity="error" message="Unused import - org.openqa.selenium.support.ui.ExpectedConditions." source="com.puppycrawl.tools.checkstyle.checks.imports.UnusedImportsCheck"/>
<error line="22" column="16" severity="error" message="Unused import - org.openqa.selenium.Alert." source="com.puppycrawl.tools.checkstyle.checks.imports.UnusedImportsCheck"/>
<error line="25" column="16" severity="error" message="Unused import - javax.security.auth.login.Configuration." source="com.puppycrawl.tools.checkstyle.checks.imports.UnusedImportsCheck"/>
<error line="26" column="16" severity="error" message="Unused import - java.time.Duration." source="com.puppycrawl.tools.checkstyle.checks.imports.UnusedImportsCheck"/>
<error line="27" column="25" severity="error" message="Using the &apos;.*&apos; form of import should be avoided - java.util.*." source="com.puppycrawl.tools.checkstyle.checks.imports.AvoidStarImportCheck"/>
<error line="32" column="5" severity="error" message="Missing a Javadoc comment." source="com.puppycrawl.tools.checkstyle.checks.javadoc.JavadocVariableCheck"/>
<error line="33" column="5" severity="error" message="Missing a Javadoc comment." source="com.puppycrawl.tools.checkstyle.checks.javadoc.JavadocVariableCheck"/>
<error line="34" column="5" severity="error" message="Missing a Javadoc comment." source="com.puppycrawl.tools.checkstyle.checks.javadoc.JavadocVariableCheck"/>
<error line="34" column="24" severity="error" message="Variable &apos;js&apos; must be private and have accessor methods." source="com.puppycrawl.tools.checkstyle.checks.design.VisibilityModifierCheck"/>
<error line="35" column="5" severity="error" message="Class &apos;SearchRemoteTest&apos; looks like designed for extension (can be subclassed), but the method &apos;setUp&apos; does not have javadoc that explains how to do that safely. If class is not designed for extension consider making the class &apos;SearchRemoteTest&apos; final or making the method &apos;setUp&apos; static/final/abstract/empty, or adding allowed annotation for the method." source="com.puppycrawl.tools.checkstyle.checks.design.DesignForExtensionCheck"/>
<error line="35" column="5" severity="error" message="Missing a Javadoc comment." source="com.puppycrawl.tools.checkstyle.checks.javadoc.MissingJavadocMethodCheck"/>
<error line="38" severity="error" message="Line is longer than 80 characters (found 86)." source="com.puppycrawl.tools.checkstyle.checks.sizes.LineLengthCheck"/>
<error line="42" column="5" severity="error" message="Class &apos;SearchRemoteTest&apos; looks like designed for extension (can be subclassed), but the method &apos;tearDown&apos; does not have javadoc that explains how to do that safely. If class is not designed for extension consider making the class &apos;SearchRemoteTest&apos; final or making the method &apos;tearDown&apos; static/final/abstract/empty, or adding allowed annotation for the method." source="com.puppycrawl.tools.checkstyle.checks.design.DesignForExtensionCheck"/>
<error line="42" column="5" severity="error" message="Missing a Javadoc comment." source="com.puppycrawl.tools.checkstyle.checks.javadoc.MissingJavadocMethodCheck"/>
<error line="46" column="5" severity="error" message="Missing a Javadoc comment." source="com.puppycrawl.tools.checkstyle.checks.javadoc.MissingJavadocMethodCheck"/>
<error line="66" severity="error" message="Line is longer than 80 characters (found 94)." source="com.puppycrawl.tools.checkstyle.checks.sizes.LineLengthCheck"/>
<error line="67" column="59" severity="error" message="&apos;,&apos; is not followed by whitespace." source="com.puppycrawl.tools.checkstyle.checks.whitespace.WhitespaceAfterCheck"/>
<error line="67" column="60" severity="error" message="&apos;30&apos; is a magic number." source="com.puppycrawl.tools.checkstyle.checks.coding.MagicNumberCheck"/>
<error line="68" severity="error" message="Line is longer than 80 characters (found 110)." source="com.puppycrawl.tools.checkstyle.checks.sizes.LineLengthCheck"/>
<error line="68" column="24" severity="error" message="&apos;driver&apos; hides a field." source="com.puppycrawl.tools.checkstyle.checks.coding.HiddenFieldCheck"/>
<error line="69" severity="error" message="Line is longer than 80 characters (found 92)." source="com.puppycrawl.tools.checkstyle.checks.sizes.LineLengthCheck"/>
</file>
</checkstyle>
